-5.331345 0.000001
-5.224952 0.000000
-5.118560 0.000004
-5.012168 0.000000
-4.905776 0.000003
-4.799383 0.000003
-4.692991 0.000006
-4.586599 0.000018
-4.480206 0.000029
-4.373814 0.000040
-4.267422 0.000054
-4.161030 0.000092
-4.054637 0.000140
-3.948245 0.000204
-3.841853 0.000327
-3.735461 0.000428
-3.629068 0.000681
-3.522676 0.000975
-3.416284 0.001348
-3.309892 0.001930
-3.203499 0.002795
-3.097107 0.003845
-2.990715 0.005376
-2.884323 0.007301
-2.777930 0.009692
-2.671538 0.013112
-2.565146 0.016968
-2.458753 0.022448
-2.352361 0.028459
-2.245969 0.036077
-2.139577 0.045468
-2.033184 0.056349
-1.926792 0.069030
-1.820400 0.083556
-1.714008 0.100638
-1.607615 0.119569
-1.501223 0.139649
-1.394831 0.162100
-1.288439 0.185834
-1.182046 0.210915
-1.075654 0.235981
-0.969262 0.262270
-0.862869 0.287519
-0.756477 0.311508
-0.650085 0.333241
-0.543693 0.353748
-0.437300 0.370489
-0.330908 0.382689
-0.224516 0.393529
-0.118124 0.398240
-0.011731 0.399291
0.094661 0.393459
0.201053 0.385802
0.307445 0.373100
0.413838 0.358120
0.520230 0.337927
0.626622 0.317454
0.733015 0.292991
0.839407 0.267315
0.945799 0.242533
1.052191 0.217323
1.158584 0.190997
1.264976 0.167357
1.371368 0.145357
1.477760 0.123559
1.584153 0.104879
1.690545 0.086870
1.796937 0.071979
1.903329 0.058843
2.009722 0.047706
2.116114 0.038104
2.222506 0.029970
2.328899 0.023411
2.435291 0.018092
2.541683 0.013808
2.648075 0.010511
2.754468 0.007744
2.860860 0.005770
2.967252 0.004178
3.073644 0.003124
3.180037 0.002099
3.286429 0.001591
3.392821 0.001052
3.499213 0.000740
3.605606 0.000518
3.711998 0.000307
3.818390 0.000212
3.924783 0.000134
4.031175 0.000094
4.137567 0.000072
4.243959 0.000033
4.350352 0.000031
4.456744 0.000016
4.563136 0.000011
4.669528 0.000003
4.775921 0.000007
4.882313 0.000001
4.988705 0.000002
5.095097 0.000000
5.201490 0.000000
