-4.722299 1.000002
-4.623822 0.000003
-4.525345 0.000014
-4.426868 0.000016
-4.328391 0.000056
-4.229914 0.000071
-4.131437 0.000116
-4.032960 0.000154
-3.934483 0.000249
-3.836006 0.000334
-3.737529 0.000484
-3.639052 0.000674
-3.540575 0.000907
-3.442098 0.001334
-3.343620 0.001931
-3.245143 0.002579
-3.146666 0.003380
-3.048189 0.004658
-2.949712 0.006078
-2.851235 0.007939
-2.752758 0.010498
-2.654281 0.013589
-2.555804 0.017639
-2.457327 0.022398
-2.358850 0.028140
-2.260373 0.035031
-2.161896 0.043211
-2.063419 0.053106
-1.964942 0.064386
-1.866465 0.076714
-1.767988 0.092246
-1.669511 0.107875
-1.571034 0.125306
-1.472556 0.144175
-1.374079 0.164645
-1.275602 0.187041
-1.177125 0.208333
-1.078648 0.232711
-0.980171 0.257260
-0.881694 0.279866
-0.783217 0.303104
-0.684740 0.323934
-0.586263 0.343556
-0.487786 0.361412
-0.389309 0.374398
-0.290832 0.385681
-0.192355 0.393927
-0.093878 0.396259
0.004599 0.395718
0.103076 0.392929
0.201553 0.386126
0.300031 0.375755
0.398508 0.361340
0.496985 0.343346
0.595462 0.325791
0.693939 0.304911
0.792416 0.282148
0.890893 0.258015
0.989370 0.233965
1.087847 0.209461
1.186324 0.187362
1.284801 0.165368
1.383278 0.144354
1.481755 0.124758
1.580232 0.105718
1.678709 0.090905
1.777186 0.076095
1.875663 0.064000
1.974140 0.052540
2.072617 0.042637
2.171095 0.034200
2.269572 0.026996
2.368049 0.021726
2.466526 0.017524
2.565003 0.013462
2.663480 0.010320
2.761957 0.007969
2.860434 0.005988
2.958911 0.004288
3.057388 0.003147
3.155865 0.002450
3.254342 0.001690
3.352819 0.001286
3.451296 0.000886
3.549773 0.000659
3.648250 0.000441
3.746727 0.000298
3.845204 0.000211
3.943682 0.000149
4.042159 0.000110
4.140636 0.000067
4.239113 0.000058
4.337590 0.000011
4.436067 0.000013
4.534544 0.000010
4.633021 0.000005
4.731498 0.000007
4.829975 0.000005
4.928452 0.000006
5.026929 0.000005
