-5.902096 0.000000
-5.785822 0.000000
-5.669548 0.000000
-5.553275 0.000000
-5.437001 0.000000
-5.320728 0.000001
-5.204454 0.000001
-5.088180 0.000001
-4.971907 0.000002
-4.855633 0.000004
-4.739359 0.000006
-4.623086 0.000011
-4.506812 0.000020
-4.390539 0.000029
-4.274265 0.000056
-4.157991 0.000091
-4.041718 0.000146
-3.925444 0.000225
-3.809170 0.000348
-3.692897 0.000552
-3.576623 0.000821
-3.460349 0.001240
-3.344076 0.001811
-3.227802 0.002614
-3.111529 0.003751
-2.995255 0.005368
-2.878981 0.007475
-2.762708 0.010277
-2.646434 0.014071
-2.530160 0.018739
-2.413887 0.024860
-2.297613 0.032508
-2.181340 0.041849
-2.065066 0.053294
-1.948792 0.066724
-1.832519 0.082745
-1.716245 0.100967
-1.599971 0.121429
-1.483698 0.144548
-1.367424 0.169501
-1.251150 0.196171
-1.134877 0.223448
-1.018603 0.251376
-0.902330 0.279410
-0.786056 0.305862
-0.669782 0.330832
-0.553509 0.353001
-0.437235 0.371153
-0.320961 0.385458
-0.204688 0.394587
-0.088414 0.398493
0.027860 0.397143
0.144133 0.390817
0.260407 0.379142
0.376680 0.362626
0.492954 0.342571
0.609228 0.319207
0.725501 0.293612
0.841775 0.266410
0.958049 0.237870
1.074322 0.210454
1.190596 0.183218
1.306869 0.157118
1.423143 0.133148
1.539417 0.111326
1.655690 0.091952
1.771964 0.074797
1.888238 0.060024
2.004511 0.047671
2.120785 0.037181
2.237059 0.028615
2.353332 0.021753
2.469606 0.016339
2.585879 0.012068
2.702153 0.008806
2.818427 0.006375
2.934700 0.004523
3.050974 0.003185
3.167248 0.002215
3.283521 0.001497
3.399795 0.001004
3.516068 0.000667
3.632342 0.000430
3.748616 0.000295
3.864889 0.000180
3.981163 0.000113
4.097437 0.000069
4.213710 0.000043
4.329984 0.000025
4.446258 0.000014
4.562531 0.000011
4.678805 0.000006
4.795078 0.000003
4.911352 0.000002
5.027626 0.000001
5.143899 0.000001
5.260173 0.000000
5.376447 0.000000
5.492720 0.000000
5.608994 0.000000
